2020-02-01__09:10:28 0.66 0.73 0.52 4.61 20.00℃  note
2020-02-01__09:10:31 0.61 0.71 0.52 0.98 20.00℃  note
2020-02-01__09:10:34 0.61 0.71 0.52 1.47 20.00℃  note
2020-02-01__09:10:36 0.64 0.72 0.52 0.73 20.00℃  note
2020-02-01__09:10:39 0.64 0.72 0.52 1.95 20.00℃  note
2020-02-01__09:10:42 0.83 0.76 0.53 4.09 20.00℃  note
2020-02-01__09:10:45 0.83 0.76 0.53 1.71 20.00℃  note
2020-02-01__09:10:47 0.76 0.74 0.53 16.02 20.00℃  note
2020-02-01__09:10:50 0.76 0.74 0.53 23.46 20.00℃  note
2020-02-01__09:10:53 0.70 0.73 0.53 12.04 20.00℃  note
2020-02-01__09:10:56 0.70 0.73 0.53 8.31 20.00℃  note
2020-02-01__09:10:58 0.72 0.74 0.53 15.86 20.00℃  note
2020-02-01__09:11:01 0.83 0.76 0.54 32.79 20.00℃  note
2020-02-01__09:11:04 0.83 0.76 0.54 11.32 20.00℃  note
2020-02-01__09:11:07 0.84 0.76 0.54 10.00 20.00℃  note
2020-02-01__09:11:10 0.84 0.76 0.54 8.49 20.00℃  note
2020-02-01__09:11:13 0.85 0.77 0.54 6.73 20.00℃  note
2020-02-01__09:11:15 0.85 0.77 0.54 11.04 20.00℃  note
2020-02-01__09:11:18 0.95 0.79 0.55 13.16 20.00℃  note
2020-02-01__09:11:21 0.95 0.79 0.55 16.39 20.00℃  note
2020-02-01__09:11:24 0.95 0.79 0.55 9.55 20.00℃  note
2020-02-01__09:11:27 0.95 0.79 0.56 9.07 20.00℃  note
2020-02-01__09:11:30 0.95 0.79 0.56 11.21 20.00℃  note
2020-02-01__09:11:32 1.28 0.86 0.58 9.69 20.00℃  note
2020-02-01__09:11:35 1.28 0.86 0.58 25.60 20.00℃  note
2020-02-01__09:11:38 1.34 0.88 0.59 11.40 20.00℃  note
2020-02-01__09:11:41 1.34 0.88 0.59 17.61 20.00℃  note
2020-02-01__09:11:43 1.55 0.94 0.61 30.34 20.00℃  note
2020-02-01__09:11:46 1.59 0.95 0.62 18.80 20.00℃  note
2020-02-01__09:11:49 1.59 0.95 0.62 8.47 20.00℃  note
2020-02-01__09:11:52 1.54 0.95 0.62 14.96 20.00℃  note
2020-02-01__09:11:55 1.54 0.95 0.62 21.95 20.00℃  note
2020-02-01__09:11:58 1.58 0.97 0.63 14.87 20.00℃  note
2020-02-01__09:12:00 1.58 0.97 0.63 32.55 20.00℃  note
2020-02-01__09:12:03 1.77 1.02 0.64 13.59 20.00℃  note
2020-02-01__09:12:06 1.63 1.01 0.64 9.91 20.00℃  note
2020-02-01__09:12:09 1.63 1.01 0.64 16.98 20.00℃  note
2020-02-01__09:12:12 1.66 1.02 0.65 17.48 20.00℃  note
2020-02-01__09:12:14 1.66 1.02 0.65 9.50 20.00℃  note
2020-02-01__09:12:17 1.61 1.02 0.65 12.86 20.00℃  note
2020-02-01__09:12:20 1.61 1.02 0.65 19.62 20.00℃  note
2020-02-01__09:12:23 1.48 1.00 0.65 14.18 20.00℃  note
2020-02-01__09:12:26 1.48 1.00 0.65 19.67 20.00℃  note
2020-02-01__09:12:28 1.52 1.02 0.65 10.49 20.00℃  note
2020-02-01__09:12:31 1.64 1.05 0.67 10.66 20.00℃  note
2020-02-01__09:12:34 1.64 1.05 0.67 15.47 20.00℃  note
2020-02-01__09:12:37 1.59 1.05 0.67 12.18 20.00℃  note
2020-02-01__09:12:40 1.59 1.05 0.67 14.09 20.00℃  note
2020-02-01__09:12:43 1.46 1.04 0.66 12.06 20.00℃  note
2020-02-01__09:12:45 1.46 1.04 0.66 16.63 20.00℃  note
2020-02-01__09:12:48 1.58 1.07 0.68 7.28 20.00℃  note
2020-02-01__09:12:51 1.58 1.07 0.68 11.06 20.00℃  note
2020-02-01__09:12:54 1.70 1.10 0.69 14.81 20.00℃  note
2020-02-01__09:12:57 1.88 1.15 0.71 20.05 20.00℃  note
2020-02-01__09:12:59 1.88 1.15 0.71 9.52 20.00℃  note
2020-02-01__09:13:02 1.81 1.15 0.71 15.42 20.00℃  note
2020-02-01__09:13:05 1.81 1.15 0.71 9.62 20.00℃  note
2020-02-01__09:13:08 1.83 1.16 0.72 12.11 20.00℃  note
2020-02-01__09:13:11 1.83 1.16 0.72 2.46 20.00℃  note
2020-02-01__09:13:13 1.68 1.14 0.71 4.41 20.00℃  note
2020-02-01__09:13:16 1.70 1.16 0.72 14.29 20.00℃  note
2020-02-01__09:13:19 1.70 1.16 0.72 5.61 20.00℃  note
2020-02-01__09:13:22 1.57 1.14 0.72 8.57 20.00℃  note
2020-02-01__09:13:24 1.57 1.14 0.72 8.29 20.00℃  note
2020-02-01__09:13:27 1.84 1.20 0.74 12.25 20.00℃  note
2020-02-01__09:13:30 1.84 1.20 0.74 8.62 20.00℃  note
2020-02-01__09:13:33 1.77 1.20 0.74 2.43 20.00℃  note
2020-02-01__09:13:35 1.77 1.20 0.74 1.96 20.00℃  note
2020-02-01__09:13:38 1.79 1.21 0.75 6.37 20.00℃  note
2020-02-01__09:13:41 1.79 1.21 0.75 2.32 20.00℃  note
2020-02-01__09:13:44 1.73 1.21 0.75 2.43 20.00℃  note
2020-02-01__09:13:46 1.59 1.19 0.74 8.24 20.00℃  note
2020-02-01__09:13:49 1.59 1.19 0.74 3.50 20.00℃  note
2020-02-01__09:13:52 1.62 1.20 0.75 6.56 20.00℃  note
2020-02-01__09:13:55 1.62 1.20 0.75 14.42 20.00℃  note
2020-02-01__09:13:57 1.57 1.20 0.75 9.18 20.00℃  note
2020-02-01__09:14:00 1.57 1.20 0.75 11.72 20.00℃  note
2020-02-01__09:14:03 1.69 1.23 0.77 9.76 20.00℃  note
2020-02-01__09:14:06 1.69 1.23 0.77 7.91 20.00℃  note
2020-02-01__09:14:09 1.63 1.22 0.77 10.17 20.00℃  note
2020-02-01__09:14:12 1.74 1.25 0.78 7.73 20.00℃  note
2020-02-01__09:14:14 1.74 1.25 0.78 9.20 20.00℃  note
2020-02-01__09:14:17 1.68 1.25 0.78 5.84 20.00℃  note
2020-02-01__09:14:20 1.68 1.25 0.78 8.51 20.00℃  note
2020-02-01__09:14:23 1.55 1.23 0.78 3.74 20.00℃  note
2020-02-01__09:14:25 1.55 1.23 0.78 1.94 20.00℃  note
2020-02-01__09:14:28 1.42 1.21 0.77 6.16 20.00℃  note
2020-02-01__09:14:31 1.42 1.21 0.77 12.24 20.00℃  note
2020-02-01__09:14:34 1.39 1.20 0.77 7.53 20.00℃  note
2020-02-01__09:14:37 1.28 1.18 0.77 8.09 20.00℃  note
2020-02-01__09:14:39 1.28 1.18 0.77 2.94 20.00℃  note
2020-02-01__09:14:42 1.26 1.18 0.77 6.25 20.00℃  note
2020-02-01__09:14:45 1.26 1.18 0.77 4.18 20.00℃  note
2020-02-01__09:14:47 1.32 1.19 0.78 6.19 20.00℃  note
2020-02-01__09:14:50 1.32 1.19 0.78 6.62 20.00℃  note
2020-02-01__09:20:31 0.38 0.71 0.70 1.21 20.00℃  note
2020-02-01__09:20:34 0.35 0.70 0.69 0.73 20.00℃  note
2020-02-01__09:20:36 0.32 0.69 0.69 0.98 20.00℃  note
2020-02-01__09:20:39 0.32 0.69 0.69 0.98 20.00℃  note
2020-02-01__09:20:42 0.29 0.68 0.68 0.98 20.00℃  note
2020-02-01__09:20:44 0.29 0.68 0.68 0.97 20.00℃  note
2020-02-01__09:20:47 0.27 0.67 0.68 2.19 20.00℃  note
2020-02-01__09:20:50 0.27 0.67 0.68 0.49 20.00℃  note
2020-02-01__09:20:52 0.25 0.66 0.68 0.98 20.00℃  note
2020-02-01__09:20:55 0.25 0.66 0.68 0.73 20.00℃  note
2020-02-01__09:20:58 0.23 0.64 0.67 0.73 20.00℃  note
2020-02-01__09:21:00 0.23 0.64 0.67 5.22 20.00℃  note
2020-02-01__09:21:03 0.45 0.68 0.68 4.16 20.00℃  note
2020-02-01__09:21:06 0.45 0.68 0.68 0.73 20.00℃  note
2020-02-01__09:21:09 0.41 0.67 0.68 4.19 20.00℃  note
2020-02-01__09:24:10 0.78 0.61 0.65 1.93 20.00℃  note
2020-02-01__09:24:12 0.72 0.60 0.64 1.46 20.00℃  note
2020-02-01__09:24:15 0.72 0.60 0.64 0.49 20.00℃  note
2020-02-01__09:24:18 0.66 0.59 0.64 0.98 20.00℃  note
2020-02-01__09:24:20 0.66 0.59 0.64 0.98 20.00℃  note
2020-02-01__09:24:23 0.69 0.60 0.64 1.20 20.00℃  note
2020-02-01__09:24:26 0.69 0.60 0.64 1.22 20.00℃  note
2020-02-01__09:24:28 0.63 0.59 0.64 0.73 20.00℃  note
2020-02-01__09:24:31 0.63 0.59 0.64 0.73 20.00℃  note
2020-02-01__09:24:34 0.58 0.58 0.63 0.73 20.00℃  note
2020-02-01__09:24:36 0.58 0.58 0.63 1.22 20.00℃  note
2020-02-01__09:24:39 0.54 0.57 0.63 0.73 20.00℃  note
2020-02-01__09:24:42 0.49 0.56 0.63 0.73 20.00℃  note
2020-02-01__09:24:44 0.49 0.56 0.63 0.98 20.00℃  note
2020-02-01__09:24:47 0.45 0.55 0.62 5.38 20.00℃  note
2020-02-01__09:24:50 0.45 0.55 0.62 1.46 20.00℃  note
2020-02-01__09:24:52 0.42 0.54 0.62 1.70 20.00℃  note
2020-02-01__09:24:55 0.42 0.54 0.62 0.73 20.00℃  note
2020-02-01__09:24:58 0.38 0.53 0.62 6.73 20.00℃  note
2020-02-01__09:25:01 0.38 0.53 0.62 12.35 20.00℃  note
2020-02-01__09:25:03 0.51 0.55 0.62 2.19 20.00℃  note
2020-02-01__09:25:06 0.51 0.55 0.62 1.96 20.00℃  note
2020-02-01__09:25:09 0.47 0.54 0.62 1.70 20.00℃  note
2020-02-01__09:25:11 0.59 0.57 0.63 2.33 20.00℃  note
2020-02-01__09:25:14 0.59 0.57 0.63 0.98 20.00℃  note
2020-02-01__09:25:17 0.55 0.56 0.62 0.73 20.00℃  note
2020-02-01__09:25:20 0.55 0.56 0.62 1.22 20.00℃  note
2020-02-01__09:25:22 0.50 0.55 0.62 0.97 20.00℃  note
2020-02-01__09:25:25 0.50 0.55 0.62 0.97 20.00℃  note
2020-02-01__09:25:28 0.46 0.54 0.62 5.85 20.00℃  note
2020-02-01__09:25:30 0.46 0.54 0.62 10.19 20.00℃  note
2020-02-01__09:25:33 0.42 0.53 0.61 16.20 20.00℃  note
2020-02-01__09:25:36 0.42 0.53 0.61 6.88 20.00℃  note
2020-02-01__09:25:39 0.47 0.54 0.62 6.29 20.00℃  note
2020-02-01__09:25:41 0.43 0.53 0.61 8.07 20.00℃  note
2020-02-01__09:25:44 0.43 0.53 0.61 0.98 20.00℃  note
2020-02-01__09:25:47 0.40 0.52 0.61 1.45 20.00℃  note
2020-02-01__09:25:50 0.40 0.52 0.61 1.69 20.00℃  note
2020-02-01__09:25:52 0.53 0.55 0.62 3.41 20.00℃  note
2020-02-01__09:25:55 0.53 0.55 0.62 1.95 20.00℃  note
2020-02-01__09:25:58 0.48 0.54 0.61 7.80 20.00℃  note
2020-02-01__09:26:00 0.48 0.54 0.61 17.36 20.00℃  note
2020-02-01__09:26:03 0.69 0.58 0.63 0.98 20.00℃  note
2020-02-01__09:26:06 0.69 0.58 0.63 1.46 20.00℃  note
2020-02-01__09:26:09 0.79 0.60 0.64 5.61 20.00℃  note
2020-02-01__09:26:11 0.79 0.60 0.64 4.38 20.00℃  note
2020-02-01__09:26:14 0.73 0.59 0.63 1.23 20.00℃  note
2020-02-01__09:26:17 0.67 0.58 0.63 0.49 20.00℃  note
2020-02-01__09:26:19 0.67 0.58 0.63 2.20 20.00℃  note
2020-02-01__09:26:22 0.62 0.57 0.63 6.81 20.00℃  note
2020-02-01__09:26:25 0.62 0.57 0.63 7.14 20.00℃  note
2020-02-01__09:26:28 0.57 0.56 0.62 1.22 20.00℃  note
2020-02-01__09:26:30 0.57 0.56 0.62 0.98 20.00℃  note
2020-02-01__09:26:33 0.52 0.55 0.62 0.73 20.00℃  note
2020-02-01__09:26:36 0.52 0.55 0.62 4.15 20.00℃  note
2020-02-01__09:26:38 0.48 0.54 0.62 1.72 20.00℃  note
2020-02-01__09:26:41 0.48 0.54 0.62 2.42 20.00℃  note
2020-02-01__09:26:44 0.44 0.53 0.61 2.94 20.00℃  note
2020-02-01__09:26:46 0.44 0.53 0.61 1.46 20.00℃  note
2020-02-01__09:26:49 0.40 0.52 0.61 4.85 20.00℃  note
2020-02-01__09:26:52 0.37 0.51 0.60 6.34 20.00℃  note
2020-02-01__09:26:54 0.37 0.51 0.60 6.55 20.00℃  note
2020-02-01__09:26:57 0.42 0.52 0.61 1.22 20.00℃  note
2020-02-01__09:27:00 0.42 0.52 0.61 2.43 20.00℃  note
2020-02-01__09:27:02 0.47 0.53 0.61 1.46 20.00℃  note
2020-02-01__09:27:05 0.47 0.53 0.61 0.97 20.00℃  note
2020-02-01__09:27:08 0.43 0.52 0.61 0.98 20.00℃  note
2020-02-01__09:27:10 0.43 0.52 0.61 0.73 20.00℃  note
2020-02-01__09:27:13 0.40 0.51 0.60 0.97 20.00℃  note
2020-02-01__09:27:16 0.40 0.51 0.60 4.36 20.00℃  note
2020-02-01__09:27:19 0.44 0.52 0.61 4.16 20.00℃  note
2020-02-01__09:27:21 0.44 0.52 0.61 4.02 20.00℃  note
2020-02-01__09:27:24 0.41 0.51 0.60 6.33 20.00℃  note
2020-02-01__09:27:27 0.54 0.54 0.61 5.61 20.00℃  note
2020-02-01__09:27:29 0.54 0.54 0.61 8.96 20.00℃  note
2020-02-01__09:27:32 0.57 0.55 0.61 8.20 20.00℃  note
2020-02-01__09:27:35 0.57 0.55 0.61 6.19 20.00℃  note
2020-02-01__09:27:38 0.61 0.55 0.61 5.98 20.00℃  note
2020-02-01__09:27:41 0.61 0.55 0.61 5.58 20.00℃  note
2020-02-01__09:27:43 0.72 0.58 0.62 4.69 20.00℃  note
2020-02-01__09:27:46 0.72 0.58 0.62 8.96 20.00℃  note
2020-02-01__09:27:49 0.66 0.57 0.62 3.78 20.00℃  note
2020-02-01__09:27:52 0.61 0.56 0.62 2.69 20.00℃  note
2020-02-01__09:27:54 0.61 0.56 0.62 3.38 20.00℃  note
2020-02-01__09:27:57 0.56 0.55 0.61 2.70 20.00℃  note
2020-02-01__09:28:00 0.56 0.55 0.61 0.98 20.00℃  note
2020-02-01__09:28:02 0.60 0.56 0.61 3.95 20.00℃  note
2020-02-01__09:28:05 0.60 0.56 0.61 0.98 20.00℃  note
2020-02-01__09:28:08 0.63 0.56 0.62 2.92 20.00℃  note
2020-02-01__09:28:10 0.63 0.56 0.62 10.10 20.00℃  note
2020-02-01__09:28:13 0.58 0.55 0.61 3.92 20.00℃  note
2020-02-01__09:28:16 0.58 0.55 0.61 7.19 20.00℃  note
2020-02-01__09:28:19 0.69 0.58 0.62 10.74 20.00℃  note
2020-02-01__09:28:21 0.69 0.58 0.62 2.95 20.00℃  note
2020-02-01__09:28:24 0.72 0.59 0.62 3.54 20.00℃  note
2020-02-01__09:28:27 0.98 0.64 0.64 10.21 20.00℃  note
2020-02-01__09:28:30 0.98 0.64 0.64 2.20 20.00℃  note
2020-02-01__09:28:32 0.90 0.63 0.64 4.36 20.00℃  note
2020-02-01__09:28:35 0.90 0.63 0.64 8.82 20.00℃  note
2020-02-01__09:28:38 0.91 0.64 0.64 3.66 20.00℃  note
2020-02-01__09:28:40 0.91 0.64 0.64 3.66 20.00℃  note
2020-02-01__09:28:43 0.84 0.63 0.64 3.42 20.00℃  note
2020-02-01__09:28:46 0.84 0.63 0.64 1.71 20.00℃  note
2020-02-01__09:28:49 0.77 0.62 0.63 0.73 20.00℃  note
2020-02-01__09:28:51 0.77 0.62 0.63 1.94 20.00℃  note
2020-02-01__09:28:54 0.71 0.61 0.63 7.00 20.00℃  note
2020-02-01__09:28:57 0.81 0.63 0.64 10.28 20.00℃  note
2020-02-01__09:29:00 0.81 0.63 0.64 19.80 20.00℃  note
2020-02-01__09:29:03 0.75 0.62 0.63 2.67 20.00℃  note
2020-02-01__09:29:05 0.75 0.62 0.63 2.66 20.00℃  note
2020-02-01__09:29:08 0.69 0.61 0.63 1.67 20.00℃  note
2020-02-01__09:29:11 0.69 0.61 0.63 8.64 20.00℃  note
2020-02-01__09:29:13 0.87 0.65 0.64 3.34 20.00℃  note
2020-02-01__09:29:16 0.87 0.65 0.64 0.73 20.00℃  note
2020-02-01__09:29:19 0.96 0.67 0.65 0.97 20.00℃  note
2020-02-01__09:29:21 0.96 0.67 0.65 1.46 20.00℃  note
2020-02-01__09:29:24 1.13 0.71 0.66 0.73 20.00℃  note
2020-02-01__09:29:27 1.04 0.70 0.66 0.97 20.00℃  note
2020-02-01__09:29:29 1.04 0.70 0.66 0.73 20.00℃  note
2020-02-01__09:29:32 1.11 0.72 0.67 0.73 20.00℃  note
2020-02-01__09:29:35 1.11 0.72 0.67 0.73 20.00℃  note
2020-02-01__09:29:37 1.18 0.74 0.67 2.77 20.00℃  note
2020-02-01__09:29:40 1.18 0.74 0.67 2.80 20.00℃  note
2020-02-01__09:29:43 1.09 0.73 0.67 1.21 20.00℃  note
2020-02-01__09:29:46 1.09 0.73 0.67 0.73 20.00℃  note
2020-02-01__09:29:48 1.00 0.72 0.67 1.22 20.00℃  note
2020-02-01__09:29:51 1.00 0.72 0.67 9.84 20.00℃  note
2020-02-01__09:29:54 1.08 0.74 0.67 8.27 20.00℃  note
2020-02-01__09:29:57 1.08 0.74 0.67 6.79 20.00℃  note
2020-02-01__09:29:59 1.16 0.76 0.68 18.05 20.00℃  note
2020-02-01__09:30:02 1.14 0.76 0.68 7.80 20.00℃  note
2020-02-01__09:30:05 1.14 0.76 0.68 12.59 20.00℃  note
2020-02-01__09:30:08 1.13 0.77 0.68 16.78 20.00℃  note
2020-02-01__09:30:11 1.13 0.77 0.68 3.18 20.00℃  note
2020-02-01__09:30:13 1.04 0.75 0.68 9.49 20.00℃  note
2020-02-01__09:30:16 1.04 0.75 0.68 4.71 20.00℃  note
2020-02-01__09:30:19 1.12 0.78 0.69 4.62 20.00℃  note
2020-02-01__09:30:21 1.12 0.78 0.69 5.11 20.00℃  note
2020-02-01__09:30:24 1.11 0.78 0.69 3.17 20.00℃  note
2020-02-01__09:30:27 1.02 0.77 0.69 2.43 20.00℃  note
2020-02-01__09:30:30 1.02 0.77 0.69 2.18 20.00℃  note
2020-02-01__09:30:32 0.94 0.75 0.68 0.73 20.00℃  note
2020-02-01__09:30:35 0.94 0.75 0.68 2.11 20.00℃  note
2020-02-01__09:30:38 0.94 0.76 0.68 3.19 20.00℃  note
2020-02-01__09:30:40 0.94 0.76 0.68 5.13 20.00℃  note
2020-02-01__09:30:43 0.87 0.75 0.68 3.30 20.00℃  note
2020-02-01__09:30:46 0.87 0.75 0.68 5.98 20.00℃  note
2020-02-01__09:30:49 1.12 0.80 0.70 10.00 20.00℃  note
2020-02-01__09:30:52 1.12 0.80 0.70 5.65 20.00℃  note
2020-02-01__09:30:54 1.11 0.80 0.70 5.12 20.00℃  note
2020-02-01__09:30:57 1.02 0.79 0.70 1.46 20.00℃  note
2020-02-01__09:31:00 1.02 0.79 0.70 18.43 20.00℃  note
2020-02-01__09:31:03 0.94 0.78 0.69 0.98 20.00℃  note
2020-02-01__09:31:05 0.94 0.78 0.69 2.67 20.00℃  note
2020-02-01__09:31:08 0.86 0.76 0.69 0.73 20.00℃  note
2020-02-01__09:31:11 0.86 0.76 0.69 1.22 20.00℃  note
2020-02-01__09:31:13 0.79 0.75 0.68 2.21 20.00℃  note
2020-02-01__09:31:16 0.79 0.75 0.68 0.25 20.00℃  note
2020-02-01__09:31:19 0.89 0.77 0.69 0.98 20.00℃  note
2020-02-01__09:31:21 0.89 0.77 0.69 5.93 20.00℃  note
2020-02-01__09:31:24 0.90 0.77 0.69 11.59 20.00℃  note
2020-02-01__09:31:27 0.99 0.80 0.70 11.89 20.00℃  note
2020-02-01__09:31:30 0.99 0.80 0.70 6.82 20.00℃  note
2020-02-01__09:31:32 0.91 0.78 0.70 2.93 20.00℃  note
2020-02-01__09:31:35 0.91 0.78 0.70 3.87 20.00℃  note
2020-02-01__09:31:38 0.83 0.77 0.69 4.43 20.00℃  note
2020-02-01__09:31:41 0.83 0.77 0.69 1.71 20.00℃  note
2020-02-01__09:31:43 0.77 0.76 0.69 8.28 20.00℃  note
2020-02-01__09:31:46 0.77 0.76 0.69 5.38 20.00℃  note
2020-02-01__09:31:49 0.87 0.78 0.70 2.43 20.00℃  note
2020-02-01__09:31:52 0.87 0.78 0.70 1.70 20.00℃  note
2020-02-01__09:31:54 0.88 0.78 0.70 0.98 20.00℃  note
2020-02-01__09:31:57 0.89 0.78 0.70 1.71 20.00℃  note
2020-02-01__09:32:00 0.89 0.78 0.70 19.36 20.00℃  note
2020-02-01__09:32:02 0.98 0.80 0.71 1.71 20.00℃  note
2020-02-01__09:32:05 0.98 0.80 0.71 2.18 20.00℃  note
2020-02-01__09:32:08 0.98 0.81 0.71 3.20 20.00℃  note
2020-02-01__09:32:10 0.98 0.81 0.71 3.65 20.00℃  note
2020-02-01__09:32:13 0.90 0.79 0.71 1.69 20.00℃  note
2020-02-01__09:32:16 0.90 0.79 0.71 1.22 20.00℃  note
2020-02-01__09:32:19 0.83 0.78 0.70 1.46 20.00℃  note
2020-02-01__09:32:21 0.83 0.78 0.70 1.40 20.00℃  note
2020-02-01__09:32:24 0.76 0.77 0.70 1.22 20.00℃  note
2020-02-01__09:32:27 0.76 0.77 0.70 9.33 20.00℃  note
2020-02-01__09:32:29 0.94 0.80 0.71 7.24 20.00℃  note
2020-02-01__09:32:32 0.87 0.79 0.71 9.22 20.00℃  note
2020-02-01__09:32:35 0.87 0.79 0.71 4.41 20.00℃  note
2020-02-01__09:32:38 0.80 0.78 0.70 1.22 20.00℃  note
2020-02-01__09:32:40 0.80 0.78 0.70 1.22 20.00℃  note
2020-02-01__09:32:43 0.73 0.76 0.70 0.49 20.00℃  note
2020-02-01__09:32:46 0.73 0.76 0.70 1.22 20.00℃  note
2020-02-01__09:32:48 0.67 0.75 0.70 0.98 20.00℃  note
2020-02-01__09:32:51 0.67 0.75 0.70 0.98 20.00℃  note
2020-02-01__09:32:54 0.70 0.76 0.70 6.53 20.00℃  note
2020-02-01__09:32:57 0.70 0.76 0.70 3.01 20.00℃  note
2020-02-01__09:32:59 0.80 0.78 0.70 1.70 20.00℃  note
2020-02-01__09:33:02 0.74 0.76 0.70 1.93 20.00℃  note
2020-02-01__09:33:05 0.74 0.76 0.70 2.20 20.00℃  note
2020-02-01__09:33:07 0.68 0.75 0.70 0.98 20.00℃  note
2020-02-01__09:33:10 0.68 0.75 0.70 8.18 20.00℃  note
2020-02-01__09:33:13 0.63 0.74 0.69 5.85 20.00℃  note
2020-02-01__09:33:16 0.63 0.74 0.69 5.83 20.00℃  note
2020-02-01__09:33:18 1.38 0.89 0.74 3.68 20.00℃  note
2020-02-01__09:33:21 1.38 0.89 0.74 1.95 20.00℃  note
2020-02-01__09:33:24 1.35 0.89 0.74 0.97 20.00℃  note
2020-02-01__09:38:48 0.55 0.61 0.66 1.46 20.00℃  note
2020-02-01__09:38:51 0.55 0.61 0.66 0.73 20.00℃  note
2020-02-01__09:38:54 0.50 0.60 0.65 0.49 20.00℃  note
2020-02-01__09:38:56 0.50 0.60 0.65 0.98 20.00℃  note
2020-02-01__09:38:59 0.46 0.59 0.65 0.49 20.00℃  note
2020-02-01__09:10:28 0.66 0.73 0.52 4.61 20.00℃  note
2020-02-01__09:10:31 0.61 0.71 0.52 0.98 20.00℃  note
2020-02-01__09:10:34 0.61 0.71 0.52 1.47 20.00℃  note
2020-02-01__09:10:36 0.64 0.72 0.52 0.73 20.00℃  note
2020-02-01__09:10:39 0.64 0.72 0.52 1.95 20.00℃  note
2020-02-01__09:10:42 0.83 0.76 0.53 4.09 20.00℃  note
2020-02-01__09:10:45 0.83 0.76 0.53 1.71 20.00℃  note
2020-02-01__09:10:47 0.76 0.74 0.53 16.02 20.00℃  note
2020-02-01__09:10:50 0.76 0.74 0.53 23.46 20.00℃  note
2020-02-01__09:10:53 0.70 0.73 0.53 12.04 20.00℃  note
2020-02-01__09:10:56 0.70 0.73 0.53 8.31 20.00℃  note
2020-02-01__09:10:58 0.72 0.74 0.53 15.86 20.00℃  note
2020-02-01__09:11:01 0.83 0.76 0.54 32.79 20.00℃  note
2020-02-01__09:11:04 0.83 0.76 0.54 11.32 20.00℃  note
2020-02-01__09:11:07 0.84 0.76 0.54 10.00 20.00℃  note
2020-02-01__09:11:10 0.84 0.76 0.54 8.49 20.00℃  note
2020-02-01__09:11:13 0.85 0.77 0.54 6.73 20.00℃  note
2020-02-01__09:11:15 0.85 0.77 0.54 11.04 20.00℃  note
2020-02-01__09:11:18 0.95 0.79 0.55 13.16 20.00℃  note
2020-02-01__09:11:21 0.95 0.79 0.55 16.39 20.00℃  note
2020-02-01__09:11:24 0.95 0.79 0.55 9.55 20.00℃  note
2020-02-01__09:11:27 0.95 0.79 0.56 9.07 20.00℃  note
2020-02-01__09:11:30 0.95 0.79 0.56 11.21 20.00℃  note
2020-02-01__09:11:32 1.28 0.86 0.58 9.69 20.00℃  note
2020-02-01__09:11:35 1.28 0.86 0.58 25.60 20.00℃  note
2020-02-01__09:11:38 1.34 0.88 0.59 11.40 20.00℃  note
2020-02-01__09:11:41 1.34 0.88 0.59 17.61 20.00℃  note
2020-02-01__09:11:43 1.55 0.94 0.61 30.34 20.00℃  note
2020-02-01__09:11:46 1.59 0.95 0.62 18.80 20.00℃  note
2020-02-01__09:11:49 1.59 0.95 0.62 8.47 20.00℃  note
2020-02-01__09:11:52 1.54 0.95 0.62 14.96 20.00℃  note
2020-02-01__09:11:55 1.54 0.95 0.62 21.95 20.00℃  note
2020-02-01__09:11:58 1.58 0.97 0.63 14.87 20.00℃  note
2020-02-01__09:12:00 1.58 0.97 0.63 32.55 20.00℃  note
2020-02-01__09:12:03 1.77 1.02 0.64 13.59 20.00℃  note
2020-02-01__09:12:06 1.63 1.01 0.64 9.91 20.00℃  note
2020-02-01__09:12:09 1.63 1.01 0.64 16.98 20.00℃  note
2020-02-01__09:12:12 1.66 1.02 0.65 17.48 20.00℃  note
2020-02-01__09:12:14 1.66 1.02 0.65 9.50 20.00℃  note
2020-02-01__09:12:17 1.61 1.02 0.65 12.86 20.00℃  note
2020-02-01__09:12:20 1.61 1.02 0.65 19.62 20.00℃  note
2020-02-01__09:12:23 1.48 1.00 0.65 14.18 20.00℃  note
2020-02-01__09:12:26 1.48 1.00 0.65 19.67 20.00℃  note
2020-02-01__09:12:28 1.52 1.02 0.65 10.49 20.00℃  note
2020-02-01__09:12:31 1.64 1.05 0.67 10.66 20.00℃  note
2020-02-01__09:12:34 1.64 1.05 0.67 15.47 20.00℃  note
2020-02-01__09:12:37 1.59 1.05 0.67 12.18 20.00℃  note
2020-02-01__09:12:40 1.59 1.05 0.67 14.09 20.00℃  note
2020-02-01__09:12:43 1.46 1.04 0.66 12.06 20.00℃  note
2020-02-01__09:12:45 1.46 1.04 0.66 16.63 20.00℃  note
2020-02-01__09:12:48 1.58 1.07 0.68 7.28 20.00℃  note
2020-02-01__09:12:51 1.58 1.07 0.68 11.06 20.00℃  note
2020-02-01__09:12:54 1.70 1.10 0.69 14.81 20.00℃  note
2020-02-01__09:12:57 1.88 1.15 0.71 20.05 20.00℃  note
2020-02-01__09:12:59 1.88 1.15 0.71 9.52 20.00℃  note
2020-02-01__09:13:02 1.81 1.15 0.71 15.42 20.00℃  note
2020-02-01__09:13:05 1.81 1.15 0.71 9.62 20.00℃  note
2020-02-01__09:13:08 1.83 1.16 0.72 12.11 20.00℃  note
2020-02-01__09:13:11 1.83 1.16 0.72 2.46 20.00℃  note
2020-02-01__09:13:13 1.68 1.14 0.71 4.41 20.00℃  note
2020-02-01__09:13:16 1.70 1.16 0.72 14.29 20.00℃  note
2020-02-01__09:13:19 1.70 1.16 0.72 5.61 20.00℃  note
2020-02-01__09:13:22 1.57 1.14 0.72 8.57 20.00℃  note
2020-02-01__09:13:24 1.57 1.14 0.72 8.29 20.00℃  note
2020-02-01__09:13:27 1.84 1.20 0.74 12.25 20.00℃  note
2020-02-01__09:13:30 1.84 1.20 0.74 8.62 20.00℃  note
2020-02-01__09:13:33 1.77 1.20 0.74 2.43 20.00℃  note
2020-02-01__09:13:35 1.77 1.20 0.74 1.96 20.00℃  note
2020-02-01__09:13:38 1.79 1.21 0.75 6.37 20.00℃  note
2020-02-01__09:13:41 1.79 1.21 0.75 2.32 20.00℃  note
2020-02-01__09:13:44 1.73 1.21 0.75 2.43 20.00℃  note
2020-02-01__09:13:46 1.59 1.19 0.74 8.24 20.00℃  note
2020-02-01__09:13:49 1.59 1.19 0.74 3.50 20.00℃  note
2020-02-01__09:13:52 1.62 1.20 0.75 6.56 20.00℃  note
2020-02-01__09:13:55 1.62 1.20 0.75 14.42 20.00℃  note
2020-02-01__09:13:57 1.57 1.20 0.75 9.18 20.00℃  note
2020-02-01__09:14:00 1.57 1.20 0.75 11.72 20.00℃  note
2020-02-01__09:14:03 1.69 1.23 0.77 9.76 20.00℃  note
2020-02-01__09:14:06 1.69 1.23 0.77 7.91 20.00℃  note
2020-02-01__09:14:09 1.63 1.22 0.77 10.17 20.00℃  note
2020-02-01__09:14:12 1.74 1.25 0.78 7.73 20.00℃  note
2020-02-01__09:14:14 1.74 1.25 0.78 9.20 20.00℃  note
2020-02-01__09:14:17 1.68 1.25 0.78 5.84 20.00℃  note
2020-02-01__09:14:20 1.68 1.25 0.78 8.51 20.00℃  note
2020-02-01__09:14:23 1.55 1.23 0.78 3.74 20.00℃  note
2020-02-01__09:14:25 1.55 1.23 0.78 1.94 20.00℃  note
2020-02-01__09:14:28 1.42 1.21 0.77 6.16 20.00℃  note
2020-02-01__09:14:31 1.42 1.21 0.77 12.24 20.00℃  note
2020-02-01__09:14:34 1.39 1.20 0.77 7.53 20.00℃  note
2020-02-01__09:14:37 1.28 1.18 0.77 8.09 20.00℃  note
2020-02-01__09:14:39 1.28 1.18 0.77 2.94 20.00℃  note
2020-02-01__09:14:42 1.26 1.18 0.77 6.25 20.00℃  note
2020-02-01__09:14:45 1.26 1.18 0.77 4.18 20.00℃  note
2020-02-01__09:14:47 1.32 1.19 0.78 6.19 20.00℃  note
2020-02-01__09:14:50 1.32 1.19 0.78 6.62 20.00℃  note
2020-02-01__09:20:31 0.38 0.71 0.70 1.21 20.00℃  note
2020-02-01__09:20:34 0.35 0.70 0.69 0.73 20.00℃  note
2020-02-01__09:20:36 0.32 0.69 0.69 0.98 20.00℃  note
2020-02-01__09:20:39 0.32 0.69 0.69 0.98 20.00℃  note
2020-02-01__09:20:42 0.29 0.68 0.68 0.98 20.00℃  note
2020-02-01__09:20:44 0.29 0.68 0.68 0.97 20.00℃  note
2020-02-01__09:20:47 0.27 0.67 0.68 2.19 20.00℃  note
2020-02-01__09:20:50 0.27 0.67 0.68 0.49 20.00℃  note
2020-02-01__09:20:52 0.25 0.66 0.68 0.98 20.00℃  note
2020-02-01__09:20:55 0.25 0.66 0.68 0.73 20.00℃  note
2020-02-01__09:20:58 0.23 0.64 0.67 0.73 20.00℃  note
2020-02-01__09:21:00 0.23 0.64 0.67 5.22 20.00℃  note
2020-02-01__09:21:03 0.45 0.68 0.68 4.16 20.00℃  note
2020-02-01__09:21:06 0.45 0.68 0.68 0.73 20.00℃  note
2020-02-01__09:21:09 0.41 0.67 0.68 4.19 20.00℃  note
2020-02-01__09:24:10 0.78 0.61 0.65 1.93 20.00℃  note
2020-02-01__09:24:12 0.72 0.60 0.64 1.46 20.00℃  note
2020-02-01__09:24:15 0.72 0.60 0.64 0.49 20.00℃  note
2020-02-01__09:24:18 0.66 0.59 0.64 0.98 20.00℃  note
2020-02-01__09:24:20 0.66 0.59 0.64 0.98 20.00℃  note
2020-02-01__09:24:23 0.69 0.60 0.64 1.20 20.00℃  note
2020-02-01__09:24:26 0.69 0.60 0.64 1.22 20.00℃  note
2020-02-01__09:24:28 0.63 0.59 0.64 0.73 20.00℃  note
2020-02-01__09:24:31 0.63 0.59 0.64 0.73 20.00℃  note
2020-02-01__09:24:34 0.58 0.58 0.63 0.73 20.00℃  note
2020-02-01__09:24:36 0.58 0.58 0.63 1.22 20.00℃  note
2020-02-01__09:24:39 0.54 0.57 0.63 0.73 20.00℃  note
2020-02-01__09:24:42 0.49 0.56 0.63 0.73 20.00℃  note
2020-02-01__09:24:44 0.49 0.56 0.63 0.98 20.00℃  note
2020-02-01__09:24:47 0.45 0.55 0.62 5.38 20.00℃  note
2020-02-01__09:24:50 0.45 0.55 0.62 1.46 20.00℃  note
2020-02-01__09:24:52 0.42 0.54 0.62 1.70 20.00℃  note
2020-02-01__09:24:55 0.42 0.54 0.62 0.73 20.00℃  note
2020-02-01__09:24:58 0.38 0.53 0.62 6.73 20.00℃  note
2020-02-01__09:25:01 0.38 0.53 0.62 12.35 20.00℃  note
2020-02-01__09:25:03 0.51 0.55 0.62 2.19 20.00℃  note
2020-02-01__09:25:06 0.51 0.55 0.62 1.96 20.00℃  note
2020-02-01__09:25:09 0.47 0.54 0.62 1.70 20.00℃  note
2020-02-01__09:25:11 0.59 0.57 0.63 2.33 20.00℃  note
2020-02-01__09:25:14 0.59 0.57 0.63 0.98 20.00℃  note
2020-02-01__09:25:17 0.55 0.56 0.62 0.73 20.00℃  note
2020-02-01__09:25:20 0.55 0.56 0.62 1.22 20.00℃  note
2020-02-01__09:25:22 0.50 0.55 0.62 0.97 20.00℃  note
2020-02-01__09:25:25 0.50 0.55 0.62 0.97 20.00℃  note
2020-02-01__09:25:28 0.46 0.54 0.62 5.85 20.00℃  note
2020-02-01__09:25:30 0.46 0.54 0.62 10.19 20.00℃  note
2020-02-01__09:25:33 0.42 0.53 0.61 16.20 20.00℃  note
2020-02-01__09:25:36 0.42 0.53 0.61 6.88 20.00℃  note
2020-02-01__09:25:39 0.47 0.54 0.62 6.29 20.00℃  note
2020-02-01__09:25:41 0.43 0.53 0.61 8.07 20.00℃  note
2020-02-01__09:25:44 0.43 0.53 0.61 0.98 20.00℃  note
2020-02-01__09:25:47 0.40 0.52 0.61 1.45 20.00℃  note
2020-02-01__09:25:50 0.40 0.52 0.61 1.69 20.00℃  note
2020-02-01__09:25:52 0.53 0.55 0.62 3.41 20.00℃  note
2020-02-01__09:25:55 0.53 0.55 0.62 1.95 20.00℃  note
2020-02-01__09:25:58 0.48 0.54 0.61 7.80 20.00℃  note
2020-02-01__09:26:00 0.48 0.54 0.61 17.36 20.00℃  note
2020-02-01__09:26:03 0.69 0.58 0.63 0.98 20.00℃  note
2020-02-01__09:26:06 0.69 0.58 0.63 1.46 20.00℃  note
2020-02-01__09:26:09 0.79 0.60 0.64 5.61 20.00℃  note
2020-02-01__09:26:11 0.79 0.60 0.64 4.38 20.00℃  note
2020-02-01__09:26:14 0.73 0.59 0.63 1.23 20.00℃  note
2020-02-01__09:26:17 0.67 0.58 0.63 0.49 20.00℃  note
2020-02-01__09:26:19 0.67 0.58 0.63 2.20 20.00℃  note
2020-02-01__09:26:22 0.62 0.57 0.63 6.81 20.00℃  note
2020-02-01__09:26:25 0.62 0.57 0.63 7.14 20.00℃  note
2020-02-01__09:26:28 0.57 0.56 0.62 1.22 20.00℃  note
2020-02-01__09:26:30 0.57 0.56 0.62 0.98 20.00℃  note
2020-02-01__09:26:33 0.52 0.55 0.62 0.73 20.00℃  note
2020-02-01__09:26:36 0.52 0.55 0.62 4.15 20.00℃  note
2020-02-01__09:26:38 0.48 0.54 0.62 1.72 20.00℃  note
2020-02-01__09:26:41 0.48 0.54 0.62 2.42 20.00℃  note
2020-02-01__09:26:44 0.44 0.53 0.61 2.94 20.00℃  note
2020-02-01__09:26:46 0.44 0.53 0.61 1.46 20.00℃  note
2020-02-01__09:26:49 0.40 0.52 0.61 4.85 20.00℃  note
2020-02-01__09:26:52 0.37 0.51 0.60 6.34 20.00℃  note
2020-02-01__09:26:54 0.37 0.51 0.60 6.55 20.00℃  note
2020-02-01__09:26:57 0.42 0.52 0.61 1.22 20.00℃  note
2020-02-01__09:27:00 0.42 0.52 0.61 2.43 20.00℃  note
2020-02-01__09:27:02 0.47 0.53 0.61 1.46 20.00℃  note
2020-02-01__09:27:05 0.47 0.53 0.61 0.97 20.00℃  note
2020-02-01__09:27:08 0.43 0.52 0.61 0.98 20.00℃  note
2020-02-01__09:27:10 0.43 0.52 0.61 0.73 20.00℃  note
2020-02-01__09:27:13 0.40 0.51 0.60 0.97 20.00℃  note
2020-02-01__09:27:16 0.40 0.51 0.60 4.36 20.00℃  note
2020-02-01__09:27:19 0.44 0.52 0.61 4.16 20.00℃  note
2020-02-01__09:27:21 0.44 0.52 0.61 4.02 20.00℃  note
2020-02-01__09:27:24 0.41 0.51 0.60 6.33 20.00℃  note
2020-02-01__09:27:27 0.54 0.54 0.61 5.61 20.00℃  note
2020-02-01__09:27:29 0.54 0.54 0.61 8.96 20.00℃  note
2020-02-01__09:27:32 0.57 0.55 0.61 8.20 20.00℃  note
2020-02-01__09:27:35 0.57 0.55 0.61 6.19 20.00℃  note
2020-02-01__09:27:38 0.61 0.55 0.61 5.98 20.00℃  note
2020-02-01__09:27:41 0.61 0.55 0.61 5.58 20.00℃  note
2020-02-01__09:27:43 0.72 0.58 0.62 4.69 20.00℃  note
2020-02-01__09:27:46 0.72 0.58 0.62 8.96 20.00℃  note
2020-02-01__09:27:49 0.66 0.57 0.62 3.78 20.00℃  note
2020-02-01__09:27:52 0.61 0.56 0.62 2.69 20.00℃  note
2020-02-01__09:27:54 0.61 0.56 0.62 3.38 20.00℃  note
2020-02-01__09:27:57 0.56 0.55 0.61 2.70 20.00℃  note
2020-02-01__09:28:00 0.56 0.55 0.61 0.98 20.00℃  note
2020-02-01__09:28:02 0.60 0.56 0.61 3.95 20.00℃  note
2020-02-01__09:28:05 0.60 0.56 0.61 0.98 20.00℃  note
2020-02-01__09:28:08 0.63 0.56 0.62 2.92 20.00℃  note
2020-02-01__09:28:10 0.63 0.56 0.62 10.10 20.00℃  note
2020-02-01__09:28:13 0.58 0.55 0.61 3.92 20.00℃  note
2020-02-01__09:28:16 0.58 0.55 0.61 7.19 20.00℃  note
2020-02-01__09:28:19 0.69 0.58 0.62 10.74 20.00℃  note
2020-02-01__09:28:21 0.69 0.58 0.62 2.95 20.00℃  note
2020-02-01__09:28:24 0.72 0.59 0.62 3.54 20.00℃  note
2020-02-01__09:28:27 0.98 0.64 0.64 10.21 20.00℃  note
2020-02-01__09:28:30 0.98 0.64 0.64 2.20 20.00℃  note
2020-02-01__09:28:32 0.90 0.63 0.64 4.36 20.00℃  note
2020-02-01__09:28:35 0.90 0.63 0.64 8.82 20.00℃  note
2020-02-01__09:28:38 0.91 0.64 0.64 3.66 20.00℃  note
2020-02-01__09:28:40 0.91 0.64 0.64 3.66 20.00℃  note
2020-02-01__09:28:43 0.84 0.63 0.64 3.42 20.00℃  note
2020-02-01__09:28:46 0.84 0.63 0.64 1.71 20.00℃  note
2020-02-01__09:28:49 0.77 0.62 0.63 0.73 20.00℃  note
2020-02-01__09:28:51 0.77 0.62 0.63 1.94 20.00℃  note
2020-02-01__09:28:54 0.71 0.61 0.63 7.00 20.00℃  note
2020-02-01__09:28:57 0.81 0.63 0.64 10.28 20.00℃  note
2020-02-01__09:29:00 0.81 0.63 0.64 19.80 20.00℃  note
2020-02-01__09:29:03 0.75 0.62 0.63 2.67 20.00℃  note
2020-02-01__09:29:05 0.75 0.62 0.63 2.66 20.00℃  note
2020-02-01__09:29:08 0.69 0.61 0.63 1.67 20.00℃  note
2020-02-01__09:29:11 0.69 0.61 0.63 8.64 20.00℃  note
2020-02-01__09:29:13 0.87 0.65 0.64 3.34 20.00℃  note
2020-02-01__09:29:16 0.87 0.65 0.64 0.73 20.00℃  note
2020-02-01__09:29:19 0.96 0.67 0.65 0.97 20.00℃  note
2020-02-01__09:29:21 0.96 0.67 0.65 1.46 20.00℃  note
2020-02-01__09:29:24 1.13 0.71 0.66 0.73 20.00℃  note
2020-02-01__09:29:27 1.04 0.70 0.66 0.97 20.00℃  note
2020-02-01__09:29:29 1.04 0.70 0.66 0.73 20.00℃  note
2020-02-01__09:29:32 1.11 0.72 0.67 0.73 20.00℃  note
2020-02-01__09:29:35 1.11 0.72 0.67 0.73 20.00℃  note
2020-02-01__09:29:37 1.18 0.74 0.67 2.77 20.00℃  note
2020-02-01__09:29:40 1.18 0.74 0.67 2.80 20.00℃  note
2020-02-01__09:29:43 1.09 0.73 0.67 1.21 20.00℃  note
2020-02-01__09:29:46 1.09 0.73 0.67 0.73 20.00℃  note
2020-02-01__09:29:48 1.00 0.72 0.67 1.22 20.00℃  note
2020-02-01__09:29:51 1.00 0.72 0.67 9.84 20.00℃  note
2020-02-01__09:29:54 1.08 0.74 0.67 8.27 20.00℃  note
2020-02-01__09:29:57 1.08 0.74 0.67 6.79 20.00℃  note
2020-02-01__09:29:59 1.16 0.76 0.68 18.05 20.00℃  note
2020-02-01__09:30:02 1.14 0.76 0.68 7.80 20.00℃  note
2020-02-01__09:30:05 1.14 0.76 0.68 12.59 20.00℃  note
2020-02-01__09:30:08 1.13 0.77 0.68 16.78 20.00℃  note
2020-02-01__09:30:11 1.13 0.77 0.68 3.18 20.00℃  note
2020-02-01__09:30:13 1.04 0.75 0.68 9.49 20.00℃  note
2020-02-01__09:30:16 1.04 0.75 0.68 4.71 20.00℃  note
2020-02-01__09:30:19 1.12 0.78 0.69 4.62 20.00℃  note
2020-02-01__09:30:21 1.12 0.78 0.69 5.11 20.00℃  note
2020-02-01__09:30:24 1.11 0.78 0.69 3.17 20.00℃  note
2020-02-01__09:30:27 1.02 0.77 0.69 2.43 20.00℃  note
2020-02-01__09:30:30 1.02 0.77 0.69 2.18 20.00℃  note
2020-02-01__09:30:32 0.94 0.75 0.68 0.73 20.00℃  note
2020-02-01__09:30:35 0.94 0.75 0.68 2.11 20.00℃  note
2020-02-01__09:30:38 0.94 0.76 0.68 3.19 20.00℃  note
2020-02-01__09:30:40 0.94 0.76 0.68 5.13 20.00℃  note
2020-02-01__09:30:43 0.87 0.75 0.68 3.30 20.00℃  note
2020-02-01__09:30:46 0.87 0.75 0.68 5.98 20.00℃  note
2020-02-01__09:30:49 1.12 0.80 0.70 10.00 20.00℃  note
2020-02-01__09:30:52 1.12 0.80 0.70 5.65 20.00℃  note
2020-02-01__09:30:54 1.11 0.80 0.70 5.12 20.00℃  note
2020-02-01__09:30:57 1.02 0.79 0.70 1.46 20.00℃  note
2020-02-01__09:31:00 1.02 0.79 0.70 18.43 20.00℃  note
2020-02-01__09:31:03 0.94 0.78 0.69 0.98 20.00℃  note
2020-02-01__09:31:05 0.94 0.78 0.69 2.67 20.00℃  note
2020-02-01__09:31:08 0.86 0.76 0.69 0.73 20.00℃  note
2020-02-01__09:31:11 0.86 0.76 0.69 1.22 20.00℃  note
2020-02-01__09:31:13 0.79 0.75 0.68 2.21 20.00℃  note
2020-02-01__09:31:16 0.79 0.75 0.68 0.25 20.00℃  note
2020-02-01__09:31:19 0.89 0.77 0.69 0.98 20.00℃  note
2020-02-01__09:31:21 0.89 0.77 0.69 5.93 20.00℃  note
2020-02-01__09:31:24 0.90 0.77 0.69 11.59 20.00℃  note
2020-02-01__09:31:27 0.99 0.80 0.70 11.89 20.00℃  note
2020-02-01__09:31:30 0.99 0.80 0.70 6.82 20.00℃  note
2020-02-01__09:31:32 0.91 0.78 0.70 2.93 20.00℃  note
2020-02-01__09:31:35 0.91 0.78 0.70 3.87 20.00℃  note
2020-02-01__09:31:38 0.83 0.77 0.69 4.43 20.00℃  note
2020-02-01__09:31:41 0.83 0.77 0.69 1.71 20.00℃  note
2020-02-01__09:31:43 0.77 0.76 0.69 8.28 20.00℃  note
2020-02-01__09:31:46 0.77 0.76 0.69 5.38 20.00℃  note
2020-02-01__09:31:49 0.87 0.78 0.70 2.43 20.00℃  note
2020-02-01__09:31:52 0.87 0.78 0.70 1.70 20.00℃  note
2020-02-01__09:31:54 0.88 0.78 0.70 0.98 20.00℃  note
2020-02-01__09:31:57 0.89 0.78 0.70 1.71 20.00℃  note
2020-02-01__09:32:00 0.89 0.78 0.70 19.36 20.00℃  note
2020-02-01__09:32:02 0.98 0.80 0.71 1.71 20.00℃  note
2020-02-01__09:32:05 0.98 0.80 0.71 2.18 20.00℃  note
2020-02-01__09:32:08 0.98 0.81 0.71 3.20 20.00℃  note
2020-02-01__09:32:10 0.98 0.81 0.71 3.65 20.00℃  note
2020-02-01__09:32:13 0.90 0.79 0.71 1.69 20.00℃  note
2020-02-01__09:32:16 0.90 0.79 0.71 1.22 20.00℃  note
2020-02-01__09:32:19 0.83 0.78 0.70 1.46 20.00℃  note
2020-02-01__09:32:21 0.83 0.78 0.70 1.40 20.00℃  note
2020-02-01__09:32:24 0.76 0.77 0.70 1.22 20.00℃  note
2020-02-01__09:32:27 0.76 0.77 0.70 9.33 20.00℃  note
2020-02-01__09:32:29 0.94 0.80 0.71 7.24 20.00℃  note
2020-02-01__09:32:32 0.87 0.79 0.71 9.22 20.00℃  note
2020-02-01__09:32:35 0.87 0.79 0.71 4.41 20.00℃  note
2020-02-01__09:32:38 0.80 0.78 0.70 1.22 20.00℃  note
2020-02-01__09:32:40 0.80 0.78 0.70 1.22 20.00℃  note
2020-02-01__09:32:43 0.73 0.76 0.70 0.49 20.00℃  note
2020-02-01__09:32:46 0.73 0.76 0.70 1.22 20.00℃  note
2020-02-01__09:32:48 0.67 0.75 0.70 0.98 20.00℃  note
2020-02-01__09:32:51 0.67 0.75 0.70 0.98 20.00℃  note
2020-02-01__09:32:54 0.70 0.76 0.70 6.53 20.00℃  note
2020-02-01__09:32:57 0.70 0.76 0.70 3.01 20.00℃  note
2020-02-01__09:32:59 0.80 0.78 0.70 1.70 20.00℃  note
2020-02-01__09:33:02 0.74 0.76 0.70 1.93 20.00℃  note
2020-02-01__09:33:05 0.74 0.76 0.70 2.20 20.00℃  note
2020-02-01__09:33:07 0.68 0.75 0.70 0.98 20.00℃  note
2020-02-01__09:33:10 0.68 0.75 0.70 8.18 20.00℃  note
2020-02-01__09:33:13 0.63 0.74 0.69 5.85 20.00℃  note
2020-02-01__09:33:16 0.63 0.74 0.69 5.83 20.00℃  note
2020-02-01__09:33:18 1.38 0.89 0.74 3.68 20.00℃  note
2020-02-01__09:33:21 1.38 0.89 0.74 1.95 20.00℃  note
2020-02-01__09:33:24 1.35 0.89 0.74 0.97 20.00℃  note
2020-02-01__09:38:48 0.55 0.61 0.66 1.46 20.00℃  note
2020-02-01__09:38:51 0.55 0.61 0.66 0.73 20.00℃  note
2020-02-01__09:38:54 0.50 0.60 0.65 0.49 20.00℃  note
2020-02-01__09:38:56 0.50 0.60 0.65 0.98 20.00℃  note
2020-02-01__09:38:59 0.46 0.59 0.65 0.49 20.00℃  note
2020-02-01__09:39:02 0.46 0.59 0.65 3.86 20.00℃  note
2020-02-01__09:39:05 0.59 0.62 0.66 0.97 20.00℃  note
2020-02-01__09:39:07 0.78 0.66 0.67 1.64 20.00℃  note
2020-02-01__09:39:10 0.78 0.66 0.67 0.49 20.00℃  note
2020-02-01__09:39:13 0.80 0.66 0.67 0.74 20.00℃  note
2020-02-01__09:39:15 0.80 0.66 0.67 0.25 20.00℃  note
2020-02-01__09:39:18 0.81 0.67 0.67 2.20 20.00℃  note
2020-02-01__09:39:21 0.81 0.67 0.67 1.21 20.00℃  note
2020-02-01__09:39:23 0.83 0.67 0.68 18.73 20.00℃  note
2020-02-01__09:39:26 0.83 0.67 0.68 2.80 20.00℃  note
